<?xml version="1.0" encoding="UTF-8"?>
<testsuite name="ToDoListTest" tests="3" skipped="0" failures="0" errors="0" timestamp="2021-07-06T17:30:56" hostname="MILOS-HP-SPECTR" time="0.009">
  <properties/>
  <testcase name="testAddTask()" classname="ToDoListTest" time="0.006"/>
  <testcase name="testToDoList()" classname="ToDoListTest" time="0.0"/>
  <testcase name="testEditTitle()" classname="ToDoListTest" time="0.001"/>
  <system-out><![CDATA[]]></system-out>
  <system-err><![CDATA[]]></system-err>
</testsuite>
