<?xml version="1.0" encoding="UTF-8"?>
<testsuite name="TaskTest" tests="1" skipped="0" failures="0" errors="0" timestamp="2021-07-06T17:30:56" hostname="MILOS-HP-SPECTR" time="0.019">
  <properties/>
  <testcase name="testCreateTask()" classname="TaskTest" time="0.019"/>
  <system-out><![CDATA[]]></system-out>
  <system-err><![CDATA[]]></system-err>
</testsuite>
